mode: set
github.com/efrem/windsurf/internal/todo/service.go:28.43,30.2 1 1
github.com/efrem/windsurf/internal/todo/service.go:33.39,35.2 1 1
github.com/efrem/windsurf/internal/todo/service.go:39.49,41.2 1 1
github.com/efrem/windsurf/internal/todo/service.go:44.53,46.2 1 1
github.com/efrem/windsurf/internal/todo/service.go:50.69,52.2 1 1
github.com/efrem/windsurf/internal/todo/service.go:56.54,58.2 1 1
github.com/efrem/windsurf/internal/todo/service.go:62.43,64.2 1 1
github.com/efrem/windsurf/internal/todo/todo.go:87.32,92.2 1 1
github.com/efrem/windsurf/internal/todo/todo.go:95.38,100.31 4 1
github.com/efrem/windsurf/internal/todo/todo.go:100.31,102.3 1 1
github.com/efrem/windsurf/internal/todo/todo.go:103.2,103.14 1 1
github.com/efrem/windsurf/internal/todo/todo.go:108.51,114.2 4 1
github.com/efrem/windsurf/internal/todo/todo.go:117.51,133.2 6 1
github.com/efrem/windsurf/internal/todo/todo.go:137.67,142.13 4 1
github.com/efrem/windsurf/internal/todo/todo.go:142.13,144.3 1 0
github.com/efrem/windsurf/internal/todo/todo.go:146.2,149.19 3 1
github.com/efrem/windsurf/internal/todo/todo.go:154.52,159.13 4 1
github.com/efrem/windsurf/internal/todo/todo.go:159.13,161.3 1 0
github.com/efrem/windsurf/internal/todo/todo.go:163.2,164.19 2 1
github.com/efrem/windsurf/internal/todo/todo.go:169.41,174.13 4 1
github.com/efrem/windsurf/internal/todo/todo.go:174.13,176.3 1 0
github.com/efrem/windsurf/internal/todo/todo.go:178.2,179.13 2 1
github.com/efrem/windsurf/internal/todo/todo.go:183.55,203.21 2 1
github.com/efrem/windsurf/internal/todo/todo.go:203.21,208.3 1 1
github.com/efrem/windsurf/internal/todo/todo.go:210.2,210.14 1 1
github.com/efrem/windsurf/internal/todo/todo.go:214.85,216.15 2 1
github.com/efrem/windsurf/internal/todo/todo.go:216.15,218.3 1 1
github.com/efrem/windsurf/internal/todo/todo.go:220.2,236.20 2 1
github.com/efrem/windsurf/internal/todo/todo.go:236.20,240.3 1 1
github.com/efrem/windsurf/internal/todo/todo.go:242.2,242.23 1 1
github.com/efrem/windsurf/internal/todo/todo.go:242.23,246.3 1 1
github.com/efrem/windsurf/internal/todo/todo.go:248.2,248.14 1 1
github.com/efrem/windsurf/internal/todo/todo.go:248.14,252.3 1 1
github.com/efrem/windsurf/internal/todo/todo.go:254.2,254.14 1 1
github.com/efrem/windsurf/internal/todo/todo.go:258.44,265.2 1 1
github.com/efrem/windsurf/internal/todo/todo.go:274.59,279.2 1 1
github.com/efrem/windsurf/internal/todo/todo.go:282.69,298.2 3 1
github.com/efrem/windsurf/internal/todo/todo.go:301.70,308.19 5 1
github.com/efrem/windsurf/internal/todo/todo.go:308.19,309.59 1 1
github.com/efrem/windsurf/internal/todo/todo.go:309.59,311.4 1 1
github.com/efrem/windsurf/internal/todo/todo.go:314.2,314.22 1 1
github.com/efrem/windsurf/internal/todo/todo.go:314.22,315.77 1 1
github.com/efrem/windsurf/internal/todo/todo.go:315.77,317.4 1 1
github.com/efrem/windsurf/internal/todo/todo.go:320.2,326.20 5 1
github.com/efrem/windsurf/internal/todo/todo.go:326.20,328.3 1 0
github.com/efrem/windsurf/internal/todo/todo.go:329.2,329.17 1 1
github.com/efrem/windsurf/internal/todo/todo.go:329.17,331.3 1 0
github.com/efrem/windsurf/internal/todo/todo.go:333.2,334.19 2 1
github.com/efrem/windsurf/internal/todo/todo.go:334.19,335.32 1 1
github.com/efrem/windsurf/internal/todo/todo.go:335.32,339.4 3 1
github.com/efrem/windsurf/internal/todo/todo.go:342.2,343.21 2 1
github.com/efrem/windsurf/internal/todo/todo.go:343.21,345.3 1 0
github.com/efrem/windsurf/internal/todo/todo.go:347.2,360.39 3 1
github.com/efrem/windsurf/internal/todo/todo.go:364.69,367.16 3 1
github.com/efrem/windsurf/internal/todo/todo.go:367.16,370.3 2 0
github.com/efrem/windsurf/internal/todo/todo.go:372.2,373.13 2 1
github.com/efrem/windsurf/internal/todo/todo.go:373.13,376.3 2 1
github.com/efrem/windsurf/internal/todo/todo.go:378.2,382.41 4 1
github.com/efrem/windsurf/internal/todo/todo.go:386.72,388.63 2 1
github.com/efrem/windsurf/internal/todo/todo.go:388.63,391.3 2 0
github.com/efrem/windsurf/internal/todo/todo.go:393.2,393.23 1 1
github.com/efrem/windsurf/internal/todo/todo.go:393.23,396.3 2 1
github.com/efrem/windsurf/internal/todo/todo.go:398.2,404.33 6 1
github.com/efrem/windsurf/internal/todo/todo.go:408.72,411.16 3 1
github.com/efrem/windsurf/internal/todo/todo.go:411.16,414.3 2 0
github.com/efrem/windsurf/internal/todo/todo.go:416.2,417.63 2 1
github.com/efrem/windsurf/internal/todo/todo.go:417.63,420.3 2 0
github.com/efrem/windsurf/internal/todo/todo.go:422.2,422.23 1 1
github.com/efrem/windsurf/internal/todo/todo.go:422.23,425.3 2 0
github.com/efrem/windsurf/internal/todo/todo.go:427.2,428.13 2 1
github.com/efrem/windsurf/internal/todo/todo.go:428.13,431.3 2 0
github.com/efrem/windsurf/internal/todo/todo.go:433.2,436.33 3 1
github.com/efrem/windsurf/internal/todo/todo.go:440.74,443.16 3 1
github.com/efrem/windsurf/internal/todo/todo.go:443.16,446.3 2 0
github.com/efrem/windsurf/internal/todo/todo.go:448.2,449.13 2 1
github.com/efrem/windsurf/internal/todo/todo.go:449.13,452.3 2 0
github.com/efrem/windsurf/internal/todo/todo.go:454.2,457.33 3 1
github.com/efrem/windsurf/internal/todo/todo.go:461.72,464.16 3 1
github.com/efrem/windsurf/internal/todo/todo.go:464.16,467.3 2 0
github.com/efrem/windsurf/internal/todo/todo.go:469.2,470.13 2 1
github.com/efrem/windsurf/internal/todo/todo.go:470.13,473.3 2 0
github.com/efrem/windsurf/internal/todo/todo.go:475.2,475.37 1 1
github.com/efrem/windsurf/internal/todo/todo.go:479.93,489.2 4 1
github.com/efrem/windsurf/internal/todo/todo.go:494.45,509.45 11 1
github.com/efrem/windsurf/internal/todo/todo.go:509.45,510.72 1 1
github.com/efrem/windsurf/internal/todo/todo.go:510.72,515.29 4 1
github.com/efrem/windsurf/internal/todo/todo.go:515.29,517.5 1 0
github.com/efrem/windsurf/internal/todo/todo.go:519.4,519.24 1 1
github.com/efrem/windsurf/internal/todo/todo.go:523.2,524.39 2 1
github.com/efrem/windsurf/internal/todo/todo.go:524.39,528.39 3 1
github.com/efrem/windsurf/internal/todo/todo.go:528.39,533.4 4 1
github.com/efrem/windsurf/internal/todo/todo.go:536.2,536.10 1 1
